-50 -38 39
-50 -32 44
-50 27 34
-50 31 12
-50 37 17
-50 41 -5
-49 -40 42
-49 -34 47
-49 -30 25
-49 25 37
-49 29 15
-49 35 20
-49 39 -2
-49 45 3
-49 49 -19
-48 -36 50
-48 -32 28
-48 23 40
-48 33 23
-48 37 1
-48 43 6
-48 47 -16
-47 -44 48
-47 -34 31
-47 -28 36
-47 21 43
-47 31 26
-47 35 4
-47 41 9
-47 45 -13
-46 -36 34
-46 -30 39
-46 29 29
-46 39 12
-46 43 -10
-46 49 -5
-45 -38 37
-45 -32 42
-45 27 32
-45 37 15
-45 41 -7
-45 47 -2
-44 -40 40
-44 -34 45
-44 -24 28
-44 25 35
-44 35 18
-44 39 -4
-44 45 1
-44 49 -21
-43 -42 43
-43 -36 48
-43 -26 31
-43 33 21
-43 43 4
-43 47 -18
-43 49 9
-42 -44 46
-42 -28 34
-42 31 24
-42 41 7
-42 45 -15
-42 47 12
-41 -46 49
-41 -30 37
-41 -20 20
-41 29 27
-41 39 10
-41 43 -12
-41 45 15
-41 49 -7
-40 -32 40
-40 -22 23
-40 37 13
-40 43 18
-40 47 -4
-39 -40 38
-39 -34 43
-39 -28 48
-39 -24 26
-39 -14 9
-39 35 16
-39 41 21
-39 45 -1
-39 49 -23
-38 -42 41
-38 -36 46
-38 -26 29
-38 -16 12
-38 43 2
-38 47 -20
-38 49 7
-37 -44 44
-37 -38 49
-37 -28 32
-37 -18 15
-37 41 5
-37 47 10
-36 -46 47
-36 -30 35
-36 -24 40
-36 -20 18
-36 -10 1
-36 39 8
-36 45 13
-36 49 -9
-35 -32 38
-35 -26 43
-35 -22 21
-35 -12 4
-35 43 16
-35 47 -6
-34 -34 41
-34 -28 46
-34 -24 24
-34 -18 29
-34 -14 7
-34 41 19
-34 45 -3
-33 -36 44
-33 -30 49
-33 -26 27
-33 -20 32
-33 -16 10
-33 -6 -7
-33 39 22
-33 49 5
-32 -38 47
-32 -22 35
-32 -18 13
-32 -8 -4
-32 37 25
-32 47 8
-31 -40 50
-31 -30 33
-31 -24 38
-31 -20 16
-31 -14 21
-31 -10 -1
-31 35 28
-31 45 11
-31 49 -11
-30 -32 36
-30 -26 41
-30 -22 19
-30 -16 24
-30 -12 2
-30 43 14
-29 -34 39
-29 -28 44
-29 -24 22
-29 -18 27
-29 -14 5
-29 41 17
-28 -36 42
-28 -30 47
-28 -26 25
-28 -20 30
-28 -16 8
-28 -10 13
-28 39 20
-28 49 3
-27 -38 45
-27 -32 50
-27 -28 28
-27 -22 33
-27 -18 11
-27 -12 16
-27 47 6
-26 -40 48
-26 -30 31
-26 -24 36
-26 -20 14
-26 -18 41
-26 -14 19
-26 -10 -3
-26 45 9
-25 -32 34
-25 -26 39
-25 -22 17
-25 -20 44
-25 -16 22
-25 -6 5
-25 43 12
-24 -34 37
-24 -28 42
-24 -24 20
-24 -22 47
-24 -18 25
-24 -14 3
-24 -8 8
-23 -36 40
-23 -30 45
-23 -26 23
-23 -24 50
-23 -16 6
-23 -14 33
-23 -10 11
-23 49 1
-22 -32 48
-22 -28 26
-22 -22 31
-22 -18 9
-22 -16 36
-22 -12 14
-22 -2 -3
-21 -30 29
-21 -24 34
-21 -20 12
-21 -18 39
-21 -14 17
-20 -32 32
-20 -26 37
-20 -22 15
-20 -20 42
-20 -16 20
-20 -10 25
-20 -6 3
-20 4 -14
-19 -28 40
-19 -24 18
-19 -22 45
-19 -18 23
-19 -12 28
-19 -8 6
-19 2 -11
-18 -30 43
-18 -26 21
-18 -24 48
-18 -20 26
-18 -14 31
-18 -10 9
-18 -4 14
-17 -32 46
-17 -28 24
-17 -22 29
-17 -16 34
-17 -12 12
-17 -6 17
-17 -2 -5
-17 8 -22
-16 -34 49
-16 -24 32
-16 -20 10
-16 -18 37
-16 -8 20
-16 -4 -2
-16 6 -19
-15 -26 35
-15 -22 13
-15 -20 40
-15 -16 18
-15 -10 23
-15 -6 1
-15 4 -16
-15 14 -33
-14 -28 38
-14 -24 16
-14 -22 43
-14 -18 21
-14 -12 26
-14 -8 4
-14 -2 9
-14 2 -13
-14 12 -30
-13 -24 46
-13 -20 24
-13 -14 29
-13 -10 7
-13 -4 12
-13 10 -27
-12 -32 44
-12 -26 49
-12 -22 27
-12 -16 32
-12 -12 10
-12 -6 15
-12 -2 -7
-12 4 -2
-12 8 -24
-12 18 -41
-11 -24 30
-11 -18 35
-11 -14 13
-11 -8 18
-11 -4 -4
-11 2 1
-11 6 -21
-11 16 -38
-10 -26 33
-10 -20 38
-10 -16 16
-10 -10 21
-10 -6 -1
-10 4 -18
-10 14 -35
-9 -28 36
-9 -22 41
-9 -18 19
-9 -12 24
-9 -8 2
-9 -2 7
-9 2 -15
-9 8 -10
-9 12 -32
-8 -24 44
-8 -20 22
-8 -14 27
-8 -10 5
-8 -4 10
-8 6 -7
-8 10 -29
-7 -26 47
-7 -22 25
-7 -16 30
-7 -12 8
-7 -6 13
-7 -2 -9
-7 4 -4
-7 8 -26
-7 14 -21
-6 -28 50
-6 -18 33
-6 -14 11
-6 -8 16
-6 -4 -6
-6 2 -1
-6 6 -23
-6 12 -18
-5 -20 36
-5 -16 14
-5 -10 19
-5 -6 -3
-5 4 -20
-5 10 -15
-4 -22 39
-4 -18 17
-4 -12 22
-4 -2 5
-4 2 -17
-4 4 10
-4 8 -12
-4 18 -29
-3 -24 42
-3 -14 25
-3 -10 3
-3 -4 8
-3 2 13
-3 6 -9
-3 10 -31
-3 16 -26
-2 -26 45
-2 -16 28
-2 -12 6
-2 -6 11
-2 -2 -11
-2 4 -6
-2 8 -28
-2 10 -1
-2 14 -23
-1 -28 48
-1 -18 31
-1 -14 9
-1 -8 14
-1 -4 -8
-1 -2 19
-1 2 -3
-1 6 -25
-1 8 2
-1 12 -20
-1 22 -37
1 -22 37
1 -12 20
1 -8 -2
1 -6 25
1 -2 3
1 2 -19
1 4 8
1 8 -14
1 14 -9
1 18 -31
1 28 -48
2 -14 23
2 -10 1
2 -8 28
2 -4 6
2 2 11
2 6 -11
2 12 -6
2 16 -28
2 26 -45
3 -16 26
3 -10 31
3 -6 9
3 -2 -13
3 4 -8
3 10 -3
3 14 -25
3 24 -42
4 -18 29
4 -8 12
4 -4 -10
4 -2 17
4 2 -5
4 12 -22
4 18 -17
4 22 -39
5 -10 15
5 -4 20
5 6 3
5 10 -19
5 16 -14
5 20 -36
6 -12 18
6 -6 23
6 -2 1
6 4 6
6 8 -16
6 14 -11
6 18 -33
6 28 -50
7 -14 21
7 -8 26
7 -4 4
7 2 9
7 6 -13
7 12 -8
7 16 -30
7 22 -25
7 26 -47
8 -10 29
8 -6 7
8 4 -10
8 10 -5
8 14 -27
8 20 -22
8 24 -44
9 -12 32
9 -8 10
9 -2 15
9 2 -7
9 8 -2
9 12 -24
9 18 -19
9 22 -41
9 28 -36
10 -14 35
10 -4 18
10 6 1
10 10 -21
10 16 -16
10 20 -38
10 26 -33
11 -16 38
11 -6 21
11 -2 -1
11 4 4
11 8 -18
11 14 -13
11 18 -35
11 24 -30
12 -18 41
12 -8 24
12 -4 2
12 2 7
12 6 -15
12 12 -10
12 16 -32
12 22 -27
12 26 -49
12 32 -44
13 -10 27
13 4 -12
13 10 -7
13 14 -29
13 20 -24
13 24 -46
14 -12 30
14 -2 13
14 2 -9
14 8 -4
14 12 -26
14 18 -21
14 22 -43
14 24 -16
14 28 -38
15 -14 33
15 -4 16
15 6 -1
15 10 -23
15 16 -18
15 20 -40
15 22 -13
15 26 -35
16 -6 19
16 4 2
16 8 -20
16 18 -37
16 20 -10
16 24 -32
16 34 -49
17 -8 22
17 2 5
17 6 -17
17 12 -12
17 16 -34
17 22 -29
17 28 -24
17 32 -46
18 4 -14
18 10 -9
18 14 -31
18 20 -26
18 24 -48
18 26 -21
18 30 -43
19 -2 11
19 8 -6
19 12 -28
19 18 -23
19 22 -45
19 24 -18
19 28 -40
20 -4 14
20 6 -3
20 10 -25
20 16 -20
20 20 -42
20 22 -15
20 26 -37
20 32 -32
21 14 -17
21 18 -39
21 20 -12
21 24 -34
21 30 -29
22 2 3
22 12 -14
22 16 -36
22 18 -9
22 22 -31
22 28 -26
22 32 -48
23 -49 -1
23 10 -11
23 14 -33
23 16 -6
23 24 -50
23 26 -23
23 30 -45
23 36 -40
24 8 -8
24 14 -3
24 18 -25
24 22 -47
24 24 -20
24 28 -42
24 34 -37
25 -43 -12
25 6 -5
25 16 -22
25 20 -44
25 22 -17
25 26 -39
25 32 -34
26 -45 -9
26 10 3
26 14 -19
26 18 -41
26 20 -14
26 24 -36
26 30 -31
26 40 -48
27 -47 -6
27 12 -16
27 18 -11
27 22 -33
27 28 -28
27 32 -50
27 38 -45
28 -49 -3
28 -39 -20
28 10 -13
28 16 -8
28 20 -30
28 26 -25
28 30 -47
28 36 -42
29 -41 -17
29 14 -5
29 18 -27
29 24 -22
29 28 -44
29 34 -39
30 -43 -14
30 12 -2
30 16 -24
30 22 -19
30 26 -41
30 32 -36
31 -49 11
31 -45 -11
31 -35 -28
31 10 1
31 14 -21
31 20 -16
31 24 -38
31 30 -33
31 40 -50
32 -47 -8
32 -37 -25
32 8 4
32 18 -13
32 22 -35
32 38 -47
33 -49 -5
33 -39 -22
33 6 7
33 16 -10
33 20 -32
33 26 -27
33 30 -49
33 36 -44
34 -45 3
34 -41 -19
34 14 -7
34 18 -29
34 24 -24
34 28 -46
34 34 -41
35 -47 6
35 -43 -16
35 12 -4
35 22 -21
35 26 -43
35 32 -38
36 -49 9
36 -45 -13
36 -39 -8
36 10 -1
36 20 -18
36 24 -40
36 30 -35
36 46 -47
37 -47 -10
37 -41 -5
37 18 -15
37 28 -32
37 38 -49
37 44 -44
38 -49 -7
38 -47 20
38 -43 -2
38 16 -12
38 26 -29
38 36 -46
38 42 -41
39 -49 23
39 -45 1
39 -41 -21
39 -35 -16
39 14 -9
39 24 -26
39 28 -48
39 34 -43
39 40 -38
40 -47 4
40 -43 -18
40 -37 -13
40 22 -23
40 32 -40
41 -49 7
41 -45 -15
41 -43 12
41 -39 -10
41 -29 -27
41 20 -20
41 30 -37
41 46 -49
42 -47 -12
42 -45 15
42 -41 -7
42 -31 -24
42 28 -34
42 44 -46
43 -49 -9
43 -47 18
43 -43 -4
43 -33 -21
43 26 -31
43 36 -48
43 42 -43
44 -49 21
44 -45 -1
44 -39 4
44 -35 -18
44 -25 -35
44 24 -28
44 34 -45
44 40 -40
45 -47 2
45 -41 7
45 -37 -15
45 -27 -32
45 32 -42
45 38 -37
46 -49 5
46 -43 10
46 -39 -12
46 -29 -29
46 30 -39
46 36 -34
47 -45 13
47 -41 -9
47 -35 -4
47 -31 -26
47 -21 -43
47 28 -36
47 34 -31
47 44 -48
48 -47 16
48 -43 -6
48 -37 -1
48 -33 -23
48 -23 -40
48 32 -28
48 36 -50
49 -49 19
49 -45 -3
49 -39 2
49 -35 -20
49 -29 -15
49 -25 -37
49 30 -25
49 34 -47
49 40 -42
50 -41 5
50 -37 -17
50 -31 -12
50 -27 -34
50 32 -44
50 38 -39
742
