-50 30 20
-50 36 40
-50 38 36
-50 40 20
-49 -25 40
-49 -20 38
-49 49 21
-48 -42 50
-48 -39 46
-48 28 48
-47 -28 48
-47 16 39
-47 22 33
-47 46 -1
-45 12 35
-45 27 18
-45 42 19
-44 -37 34
-44 -19 -9
-44 32 -14
-44 49 -25
-44 49 -21
-44 50 -32
-43 28 36
-43 30 34
-42 -4 11
-42 -4 38
-42 -3 -8
-42 8 18
-42 13 12
-42 31 -36
-42 32 -18
-42 33 27
-42 37 -50
-42 37 27
-42 38 -1
-42 42 18
-42 43 10
-42 44 -22
-42 47 -10
-42 49 -21
-41 -16 -20
-41 -4 37
-41 24 -19
-40 -29 15
-40 -14 -1
-40 24 16
-40 34 -33
-40 40 -3
-40 48 -40
-39 -45 48
-39 -19 41
-39 -3 12
-39 42 -6
-38 -28 36
-38 -21 1
-38 -14 -7
-38 34 32
-38 43 -31
-36 21 36
-36 36 -2
-36 42 -18
-36 48 9
-35 -31 -36
-35 -17 32
-35 3 5
-35 10 -40
-35 10 -4
-35 21 14
-35 22 24
-35 33 -13
-35 34 -13
-35 35 15
-35 40 5
-35 47 1
-35 49 -42
-34 -14 -42
-34 -6 11
-34 6 32
-34 26 -5
-33 -21 39
-33 14 47
-33 21 1
-33 34 -17
-32 -6 40
-32 1 -25
-32 19 17
-32 30 26
-32 48 26
-31 -8 -31
-31 14 6
-30 -38 42
-30 -36 6
-30 -36 48
-30 -33 38
-30 14 27
-30 18 12
-30 21 -16
-30 35 -15
-30 42 -36
-29 -27 34
-29 -7 21
-29 14 -20
-28 -40 22
-28 -37 49
-28 -36 40
-28 -34 49
-28 -6 -14
-28 -6 8
-28 -1 28
-28 1 30
-28 4 9
-28 4 12
-28 8 -32
-28 13 32
-28 18 -23
-28 22 18
-28 28 12
-28 29 -14
-28 32 4
-28 34 -27
-28 50 -44
-27 -29 -3
-27 3 32
-26 -30 32
-26 -21 -11
-26 -11 39
-26 -2 8
-26 10 2
-26 28 -4
-26 45 -34
-25 -45 43
-25 -34 25
-25 -30 40
-25 -21 -11
-25 -18 32
-25 -7 -9
-25 15 10
-25 18 20
-25 19 18
-25 20 10
-25 28 8
-25 35 -30
-24 -36 39
-24 -21 25
-24 14 24
-24 28 -12
-24 28 -9
-24 32 6
-23 -27 20
-23 1 -25
-23 28 17
-22 -46 48
-22 -36 38
-22 -34 -29
-22 -31 27
-22 -24 17
-22 -19 -23
-22 -14 26
-22 16 -7
-22 25 -16
-22 28 -12
-22 44 -32
-21 -33 42
-21 -22 11
-21 -20 -24
-21 -15 7
-21 -8 -14
-21 -2 19
-21 4 9
-21 6 -24
-21 9 26
-21 15 36
-21 21 9
-21 24 3
-21 25 -30
-20 -35 30
-20 -24 4
-20 -24 32
-20 -14 14
-20 12 8
-20 15 -26
-20 28 -24
-19 -30 29
-19 -14 18
-19 1 -12
-19 17 16
-19 17 46
-18 -39 -23
-18 18 -1
-18 21 -9
-17 -48 47
-17 -7 -21
-17 3 16
-17 32 -32
-17 42 -25
-16 -24 26
-16 -3 20
-16 15 13
-16 24 13
-16 28 -10
-16 36 26
-16 38 -8
-16 42 -40
-15 -19 21
-15 -18 24
-15 9 6
-15 13 -12
-15 21 -18
-15 28 -32
-15 42 18
-14 -25 -11
-14 -22 28
-14 -20 11
-14 -19 31
-14 -18 20
-14 -18 32
-14 -5 -40
-14 -3 -7
-14 -3 4
-14 -2 27
-14 2 -38
-14 4 -16
-14 10 24
-14 11 9
-14 14 6
-14 16 2
-14 16 36
-14 23 37
-14 33 -37
-14 37 -25
-14 37 26
-14 38 34
-13 -28 49
-13 -15 16
-13 -1 4
-13 5 1
-13 14 -2
-13 44 1
-12 -34 36
-12 7 12
-12 14 -6
-12 16 3
-11 -35 8
-11 -28 -12
-11 -28 28
-11 -23 24
-11 -18 19
-11 -9 -2
-11 -7 13
-11 22 -16
-11 30 -32
-11 46 -46
-10 -12 2
-10 -12 16
-10 6 4
-10 10 36
-10 14 -12
-10 26 15
-10 28 12
-9 -34 -1
-9 13 -36
-8 -42 50
-8 -12 13
-8 -3 -25
-8 19 -4
-8 21 -20
-8 28 -27
-7 -27 -5
-7 -22 -23
-7 -11 -40
-7 -11 14
-7 -9 16
-7 1 -19
-7 2 -8
-7 5 12
-7 5 42
-7 7 3
-7 8 1
-7 9 -17
-7 19 17
-7 24 -14
-7 36 -28
-6 -42 42
-6 -35 22
-6 -27 39
-6 -17 18
-6 7 -3
-6 27 -13
-6 39 32
-6 42 -34
-5 -35 45
-5 -6 8
-5 3 2
-5 7 -6
-5 14 6
-5 31 17
-5 32 -35
-5 33 11
-4 -34 -35
-4 -28 28
-4 -28 36
-4 -21 25
-4 -18 26
-4 10 5
-3 -21 27
-3 17 23
-3 31 -38
-3 50 -43
-2 -44 42
-2 -35 -24
-2 -15 -32
-2 -14 14
-2 -14 18
-2 -9 13
-2 28 -34
-1 -24 31
-1 -22 21
-1 -14 -33
-1 -7 9
-1 6 -41
-1 14 -17
-1 25 -3
-1 28 -25
-1 33 -5
-1 35 -23
1 -35 23
1 -33 5
1 -28 25
1 -25 3
1 -14 17
1 -6 41
1 7 -9
1 14 33
1 22 -21
1 24 -31
2 -28 34
2 9 -13
2 14 -18
2 14 -14
2 15 32
2 35 24
2 44 -42
3 -50 43
3 -31 38
3 -17 -23
3 21 -27
4 -10 -5
4 18 -26
4 21 -25
4 28 -36
4 28 -28
4 34 35
5 -33 -11
5 -32 35
5 -31 -17
5 -14 -6
5 -7 6
5 -3 -2
5 6 -8
5 35 -45
6 -42 34
6 -39 -32
6 -27 13
6 -7 3
6 17 -18
6 27 -39
6 35 -22
6 42 -42
7 -36 28
7 -24 14
7 -19 -17
7 -9 17
7 -8 -1
7 -7 -3
7 -5 -42
7 -5 -12
7 -2 8
7 -1 19
7 9 -16
7 11 -14
7 11 40
7 22 23
7 27 5
8 -28 27
8 -21 20
8 -19 4
8 3 25
8 12 -13
8 42 -50
9 -13 36
9 34 1
10 -28 -12
10 -26 -15
10 -14 12
10 -10 -36
10 -6 -4
10 12 -16
10 12 -2
11 -46 46
11 -30 32
11 -22 16
11 7 -13
11 9 2
11 18 -19
11 23 -24
11 28 -28
11 28 12
11 35 -8
12 -16 -3
12 -14 6
12 -7 -12
12 34 -36
13 -44 -1
13 -14 2
13 -5 -1
13 1 -4
13 15 -16
13 28 -49
14 -38 -34
14 -37 -26
14 -37 25
14 -33 37
14 -23 -37
14 -16 -36
14 -16 -2
14 -14 -6
14 -11 -9
14 -10 -24
14 -4 16
14 -2 38
14 2 -27
14 3 -4
14 3 7
14 5 40
14 18 -32
14 18 -20
14 19 -31
14 20 -11
14 22 -28
14 25 11
15 -42 -18
15 -28 32
15 -21 18
15 -13 12
15 -9 -6
15 18 -24
15 19 -21
16 -42 40
16 -38 8
16 -36 -26
16 -28 10
16 -24 -13
16 -15 -13
16 3 -20
16 24 -26
17 -42 25
17 -32 32
17 -3 -16
17 7 21
17 48 -47
18 -21 9
18 -18 1
18 39 23
19 -17 -46
19 -17 -16
19 -1 12
19 14 -18
19 30 -29
20 -28 24
20 -15 26
20 -12 -8
20 14 -14
20 24 -32
20 24 -4
20 35 -30
21 -25 30
21 -24 -3
21 -21 -9
21 -15 -36
21 -9 -26
21 -6 24
21 -4 -9
21 2 -19
21 8 14
21 15 -7
21 20 24
21 22 -11
21 33 -42
22 -44 32
22 -28 12
22 -25 16
22 -16 7
22 14 -26
22 19 23
22 24 -17
22 31 -27
22 34 29
22 36 -38
22 46 -48
23 -28 -17
23 -1 25
23 27 -20
24 -32 -6
24 -28 9
24 -28 12
24 -14 -24
24 21 -25
24 36 -39
25 -35 30
25 -28 -8
25 -20 -10
25 -19 -18
25 -18 -20
25 -15 -10
25 7 9
25 18 -32
25 21 11
25 30 -40
25 34 -25
25 45 -43
26 -45 34
26 -28 4
26 -10 -2
26 2 -8
26 11 -39
26 21 11
26 30 -32
27 -3 -32
27 29 3
28 -50 44
28 -34 27
28 -32 -4
28 -29 14
28 -28 -12
28 -22 -18
28 -18 23
28 -13 -32
28 -8 32
28 -4 -12
28 -4 -9
28 -1 -30
28 1 -28
28 6 -8
28 6 14
28 34 -49
28 36 -40
28 37 -49
28 40 -22
29 -14 20
29 7 -21
29 27 -34
30 -42 36
30 -35 15
30 -21 16
30 -18 -12
30 -14 -27
30 33 -38
30 36 -48
30 36 -6
30 38 -42
31 -14 -6
31 8 31
32 -48 -26
32 -30 -26
32 -19 -17
32 -1 25
32 6 -40
33 -34 17
33 -21 -1
33 -14 -47
33 21 -39
34 -26 5
34 -6 -32
34 6 -11
34 14 42
35 -49 42
35 -47 -1
35 -40 -5
35 -35 -15
35 -34 13
35 -33 13
35 -22 -24
35 -21 -14
35 -10 4
35 -10 40
35 -3 -5
35 17 -32
35 31 36
36 -48 -9
36 -42 18
36 -36 2
36 -21 -36
38 -43 31
38 -34 -32
38 14 7
38 21 -1
38 28 -36
39 -42 6
39 3 -12
39 19 -41
39 45 -48
40 -48 40
40 -40 3
40 -34 33
40 -24 -16
40 14 1
40 29 -15
41 -24 19
41 4 -37
41 16 20
42 -49 21
42 -47 10
42 -44 22
42 -43 -10
42 -42 -18
42 -38 1
42 -37 -27
42 -37 50
42 -33 -27
42 -32 18
42 -31 36
42 -13 -12
42 -8 -18
42 3 8
42 4 -38
42 4 -11
43 -30 -34
43 -28 -36
44 -50 32
44 -49 21
44 -49 25
44 -32 14
44 19 9
44 37 -34
45 -42 -19
45 -27 -18
45 -12 -35
47 -46 1
47 -22 -33
47 -16 -39
47 28 -48
48 -28 -48
48 39 -46
48 42 -50
49 -49 -21
49 20 -38
49 25 -40
50 -40 -20
50 -38 -36
50 -36 -40
50 -30 -20
654
