3916144852029 99
5630784643272 99
8063991304320 99
8660986341612 97
1234658523728 96
7771256266895 96
9195262008826 96
5097760598253 95
4549987665453 94
6703845073819 94
9613686924806 94
1392173227458 90
0367286366171 89
0778995624804 89
3958768608063 89
2095746335780 87
3392497161177 85
1058190840665 82
4020230148216 81
6828353434135 80
1752645581269 78
5271462020864 78
4985700692952 77
0322429812523 76
5673129350216 76
0962087713248 75
8248734570768 74
2427864529603 72
6005444332602 72
0098556350079 71
8067054516354 70
0463691577098 68
6301838352689 68
2394821293221 66
5412559457548 66
1273111078799 63
4105611188441 63
5046012945598 63
5550167106644 63
0788082427155 61
1478739688191 60
4457214390590 59
6181761135950 59
8850587532645 59
1288278554131 58
4550499399902 57
6308841715985 57
7912051883165 57
9629610922376 56
0340582126107 55
3013588863378 55
4090183338949 54
9171560746759 54
3575147378702 53
2863502340804 50
0528065811161 49
1007892445159 49
1592867434886 49
2015888030927 48
6854359991871 48
4864680611850 47
7630406715168 47
5400675950430 46
9638770645938 42
7246795212669 39
2925210197943 38
8080541212956 34
7687458325944 33
8688528995005 32
9044785622795 32
8005047119178 30
6214664008866 28
7329048282278 27
0197317879550 24
7546784030021 23
0002264993062 19
5246977565483 19
2404336790192 18
0935385041723 17
2541170940434 17
2791682805965 17
3432002290014 17
4688066353650 13
9342554997681 13
0406445481352 12
2204638156388 12
6168226260270 11
9160978398542 11
4317649106306 8
8412062491069 8
4163697337385 7
2484353567324 5
3576121540927 5
6229116839388 4
7949665851219 4
0605069805547 2
1787811740043 1
0519652847716 0
6605654470421 0
